Started GET "/" for 127.0.0.1 at 2017-09-11 18:16:15 -0400
Processing by Rails::WelcomeController#index as HTML
  Rendering C:/RailsInstaller/Ruby2.3.0/lib/ruby/gems/2.3.0/gems/railties-5.1.4/lib/rails/templates/rails/welcome/index.html.erb
  Rendered C:/RailsInstaller/Ruby2.3.0/lib/ruby/gems/2.3.0/gems/railties-5.1.4/lib/rails/templates/rails/welcome/index.html.erb (5.0ms)
Completed 200 OK in 532ms (Views: 50.1ms)


  [1m[35m (161.7ms)[0m  [1m[35mCREATE TABLE "schema_migrations" ("version" character varying NOT NULL PRIMARY KEY)[0m
  [1m[35m (11.0ms)[0m  [1m[35mCREATE TABLE "ar_internal_metadata" ("key" character varying NOT NULL PRIMARY KEY, "value" character varying, "created_at" timestamp NOT NULL, "updated_at" timestamp NOT NULL)[0m
  [1m[35m (1.6ms)[0m  [1m[34mSELECT pg_try_advisory_lock(8545116028743491295)[0m
  [1m[35m (1.0ms)[0m  [1m[34mSELECT "schema_migrations"."version" FROM "schema_migrations" ORDER BY "schema_migrations"."version" ASC[0m
Migrating to CreateSchools (20170911221850)
  [1m[35m (1.0ms)[0m  [1m[35mBEGIN[0m
  [1m[35m (0.0ms)[0m  [1m[31mROLLBACK[0m
  [1m[35m (0.0ms)[0m  [1m[34mSELECT pg_advisory_unlock(8545116028743491295)[0m
  [1m[35m (0.0ms)[0m  [1m[34mSELECT pg_try_advisory_lock(8545116028743491295)[0m
  [1m[35m (1.0ms)[0m  [1m[34mSELECT "schema_migrations"."version" FROM "schema_migrations" ORDER BY "schema_migrations"."version" ASC[0m
Migrating to CreateSchools (20170911221850)
  [1m[35m (0.0ms)[0m  [1m[35mBEGIN[0m
  [1m[35m (1.0ms)[0m  [1m[31mROLLBACK[0m
  [1m[35m (1.0ms)[0m  [1m[34mSELECT pg_advisory_unlock(8545116028743491295)[0m
  [1m[35m (0.0ms)[0m  [1m[34mSELECT pg_try_advisory_lock(8545116028743491295)[0m
  [1m[35m (1.0ms)[0m  [1m[34mSELECT "schema_migrations"."version" FROM "schema_migrations" ORDER BY "schema_migrations"."version" ASC[0m
Migrating to CreateSchools (20170911221850)
  [1m[35m (1.0ms)[0m  [1m[35mBEGIN[0m
  [1m[35m (19.1ms)[0m  [1m[35mCREATE TABLE "schools" ("id" bigserial primary key, "name" character varying, "location" character varying, "created_at" timestamp NOT NULL, "updated_at" timestamp NOT NULL)[0m
  [1m[35mSQL (1.0ms)[0m  [1m[32mINSERT INTO "schema_migrations" ("version") VALUES ($1) RETURNING "version"[0m  [["version", "20170911221850"]]
  [1m[35m (12.0ms)[0m  [1m[35mCOMMIT[0m
Migrating to CreateStudents (20170911222559)
  [1m[35m (9.0ms)[0m  [1m[35mBEGIN[0m
  [1m[35m (1.0ms)[0m  [1m[31mROLLBACK[0m
  [1m[35m (1.0ms)[0m  [1m[34mSELECT pg_advisory_unlock(8545116028743491295)[0m
  [1m[35m (1.0ms)[0m  [1m[34mSELECT "schema_migrations"."version" FROM "schema_migrations" ORDER BY "schema_migrations"."version" ASC[0m
  [1m[35m (1.0ms)[0m  [1m[34mSELECT "ar_internal_metadata"."value" FROM "ar_internal_metadata" WHERE "ar_internal_metadata"."key" = $1[0m  [["key", "environment"]]
  [1m[35m (1.0ms)[0m  [1m[34mSELECT "schema_migrations"."version" FROM "schema_migrations" ORDER BY "schema_migrations"."version" ASC[0m
  [1m[35m (1.0ms)[0m  [1m[34mSELECT "ar_internal_metadata"."value" FROM "ar_internal_metadata" WHERE "ar_internal_metadata"."key" = $1[0m  [["key", "environment"]]
  [1m[36mActiveRecord::InternalMetadata Load (1.0ms)[0m  [1m[34mSELECT  "ar_internal_metadata".* FROM "ar_internal_metadata" WHERE "ar_internal_metadata"."key" = $1 LIMIT $2[0m  [["key", "environment"], ["LIMIT", 1]]
  [1m[35m (0.0ms)[0m  [1m[35mBEGIN[0m
  [1m[35mSQL (2.0ms)[0m  [1m[32mINSERT INTO "ar_internal_metadata" ("key", "value", "created_at", "updated_at") VALUES ($1, $2, $3, $4) RETURNING "key"[0m  [["key", "environment"], ["value", "development"], ["created_at", "2017-09-12 02:19:02.073765"], ["updated_at", "2017-09-12 02:19:02.073765"]]
  [1m[35m (6.7ms)[0m  [1m[35mCOMMIT[0m
  [1m[35m (0.0ms)[0m  [1m[34mSELECT pg_try_advisory_lock(8545116028743491295)[0m
  [1m[35m (2.0ms)[0m  [1m[34mSELECT "schema_migrations"."version" FROM "schema_migrations" ORDER BY "schema_migrations"."version" ASC[0m
Migrating to CreateStudents (20170911222559)
  [1m[35m (0.0ms)[0m  [1m[35mBEGIN[0m
  [1m[35m (0.0ms)[0m  [1m[31mROLLBACK[0m
  [1m[35m (0.0ms)[0m  [1m[34mSELECT pg_advisory_unlock(8545116028743491295)[0m
  [1m[35m (0.0ms)[0m  [1m[34mSELECT pg_try_advisory_lock(8545116028743491295)[0m
  [1m[35m (1.0ms)[0m  [1m[34mSELECT "schema_migrations"."version" FROM "schema_migrations" ORDER BY "schema_migrations"."version" ASC[0m
Migrating to CreateStudents (20170911222559)
  [1m[35m (0.0ms)[0m  [1m[35mBEGIN[0m
  [1m[35m (12.6ms)[0m  [1m[35mCREATE TABLE "students" ("id" bigserial primary key, "name" character varying, "age" integer, "email" character varying, "phonenumber" character varying, "school_id" integer, "created_at" timestamp NOT NULL, "updated_at" timestamp NOT NULL)[0m
  [1m[35m (4.9ms)[0m  [1m[35mCREATE  INDEX  "index_students_on_school_id" ON "students"  ("school_id")[0m
  [1m[35mSQL (0.5ms)[0m  [1m[32mINSERT INTO "schema_migrations" ("version") VALUES ($1) RETURNING "version"[0m  [["version", "20170911222559"]]
  [1m[35m (2.0ms)[0m  [1m[35mCOMMIT[0m
  [1m[36mActiveRecord::InternalMetadata Load (2.0ms)[0m  [1m[34mSELECT  "ar_internal_metadata".* FROM "ar_internal_metadata" WHERE "ar_internal_metadata"."key" = $1 LIMIT $2[0m  [["key", "environment"], ["LIMIT", 1]]
  [1m[35m (0.0ms)[0m  [1m[35mBEGIN[0m
  [1m[35m (0.0ms)[0m  [1m[35mCOMMIT[0m
  [1m[35m (1.0ms)[0m  [1m[34mSELECT pg_advisory_unlock(8545116028743491295)[0m
  [1m[35m (0.0ms)[0m  [1m[34mSELECT "schema_migrations"."version" FROM "schema_migrations" ORDER BY "schema_migrations"."version" ASC[0m
  [1m[35m (1.0ms)[0m  [1m[35mBEGIN[0m
  [1m[35mSQL (2.0ms)[0m  [1m[32mINSERT INTO "schools" ("name", "location", "created_at", "updated_at") VALUES ($1, $2, $3, $4) RETURNING "id"[0m  [["name", "NYU Tandon"], ["location", "Brooklyn"], ["created_at", "2017-09-12 02:29:47.854584"], ["updated_at", "2017-09-12 02:29:47.854584"]]
  [1m[35m (8.0ms)[0m  [1m[35mCOMMIT[0m
  [1m[35m (0.0ms)[0m  [1m[35mBEGIN[0m
  [1m[35mSQL (0.5ms)[0m  [1m[32mINSERT INTO "schools" ("name", "location", "created_at", "updated_at") VALUES ($1, $2, $3, $4) RETURNING "id"[0m  [["name", "General Assembly"], ["location", "Manhattan"], ["created_at", "2017-09-12 02:29:53.973912"], ["updated_at", "2017-09-12 02:29:53.973912"]]
  [1m[35m (1.5ms)[0m  [1m[35mCOMMIT[0m
  [1m[35m (0.0ms)[0m  [1m[35mBEGIN[0m
  [1m[35mSQL (3.0ms)[0m  [1m[32mINSERT INTO "students" ("name", "age", "email", "phonenumber", "school_id", "created_at", "updated_at") VALUES ($1, $2, $3, $4, $5, $6, $7) RETURNING "id"[0m  [["name", "Brandon"], ["age", 25], ["email", "Digihew@gmail.com"], ["phonenumber", "9177671779"], ["school_id", 1], ["created_at", "2017-09-12 02:30:43.644588"], ["updated_at", "2017-09-12 02:30:43.644588"]]
  [1m[35m (1.0ms)[0m  [1m[35mCOMMIT[0m
  [1m[35m (1.0ms)[0m  [1m[35mBEGIN[0m
  [1m[35mSQL (0.0ms)[0m  [1m[32mINSERT INTO "students" ("name", "age", "email", "phonenumber", "school_id", "created_at", "updated_at") VALUES ($1, $2, $3, $4, $5, $6, $7) RETURNING "id"[0m  [["name", "Ari"], ["age", 23], ["email", "ari@gmail.com"], ["phonenumber", "9175555555"], ["school_id", 2], ["created_at", "2017-09-12 02:30:46.413378"], ["updated_at", "2017-09-12 02:30:46.413378"]]
  [1m[35m (1.0ms)[0m  [1m[35mCOMMIT[0m
Started GET "/" for 127.0.0.1 at 2017-09-11 22:31:09 -0400
  [1m[35m (2.0ms)[0m  [1m[34mSELECT "schema_migrations"."version" FROM "schema_migrations" ORDER BY "schema_migrations"."version" ASC[0m
Processing by Rails::WelcomeController#index as HTML
  Rendering C:/RailsInstaller/Ruby2.3.0/lib/ruby/gems/2.3.0/gems/railties-5.1.4/lib/rails/templates/rails/welcome/index.html.erb
  Rendered C:/RailsInstaller/Ruby2.3.0/lib/ruby/gems/2.3.0/gems/railties-5.1.4/lib/rails/templates/rails/welcome/index.html.erb (11.0ms)
Completed 200 OK in 133ms (Views: 67.0ms | ActiveRecord: 0.0ms)


Started GET "/schools" for 127.0.0.1 at 2017-09-11 22:31:30 -0400
Processing by SchoolsController#index as HTML
  Rendering schools/index.html.erb within layouts/application
  [1m[36mSchool Load (1.0ms)[0m  [1m[34mSELECT "schools".* FROM "schools"[0m
  Rendered schools/index.html.erb within layouts/application (53.0ms)
Completed 200 OK in 2944ms (Views: 2875.8ms | ActiveRecord: 16.0ms)


Started GET "/schools/1" for 127.0.0.1 at 2017-09-11 22:31:51 -0400
Processing by SchoolsController#show as HTML
  Parameters: {"id"=>"1"}
  [1m[36mSchool Load (0.0ms)[0m  [1m[34mSELECT  "schools".* FROM "schools" WHERE "schools"."id" = $1 LIMIT $2[0m  [["id", 1], ["LIMIT", 1]]
  Rendering schools/show.html.erb within layouts/application
  Rendered schools/show.html.erb within layouts/application (1.0ms)
Completed 200 OK in 216ms (Views: 160.2ms | ActiveRecord: 0.0ms)


Started GET "/schools/1/edit" for 127.0.0.1 at 2017-09-11 22:31:54 -0400
Processing by SchoolsController#edit as HTML
  Parameters: {"id"=>"1"}
  [1m[36mSchool Load (2.0ms)[0m  [1m[34mSELECT  "schools".* FROM "schools" WHERE "schools"."id" = $1 LIMIT $2[0m  [["id", 1], ["LIMIT", 1]]
  Rendering schools/edit.html.erb within layouts/application
  Rendered schools/_form.html.erb (41.5ms)
  Rendered schools/edit.html.erb within layouts/application (81.6ms)
Completed 200 OK in 281ms (Views: 233.1ms | ActiveRecord: 2.0ms)


Started GET "/schools" for 127.0.0.1 at 2017-09-11 22:32:54 -0400
Processing by SchoolsController#index as HTML
  Rendering schools/index.html.erb within layouts/application
  [1m[36mSchool Load (0.0ms)[0m  [1m[34mSELECT "schools".* FROM "schools"[0m
  Rendered schools/index.html.erb within layouts/application (3.0ms)
Completed 200 OK in 174ms (Views: 142.0ms | ActiveRecord: 0.0ms)


Started GET "/schools" for 127.0.0.1 at 2017-09-11 22:33:29 -0400
Processing by SchoolsController#index as HTML
  Rendering schools/index.html.erb within layouts/application
  [1m[36mSchool Load (0.0ms)[0m  [1m[34mSELECT "schools".* FROM "schools"[0m
  Rendered schools/index.html.erb within layouts/application (3.0ms)
Completed 200 OK in 164ms (Views: 135.0ms | ActiveRecord: 0.0ms)


Started GET "/schools" for 127.0.0.1 at 2017-09-11 22:34:13 -0400
Processing by SchoolsController#index as HTML
  Rendering schools/index.html.erb within layouts/application
  [1m[36mSchool Load (1.0ms)[0m  [1m[34mSELECT "schools".* FROM "schools"[0m
  Rendered schools/index.html.erb within layouts/application (3.0ms)
Completed 200 OK in 161ms (Views: 132.3ms | ActiveRecord: 1.0ms)


Started GET "/schools/1" for 127.0.0.1 at 2017-09-11 22:34:19 -0400
Processing by SchoolsController#show as HTML
  Parameters: {"id"=>"1"}
  [1m[36mSchool Load (0.5ms)[0m  [1m[34mSELECT  "schools".* FROM "schools" WHERE "schools"."id" = $1 LIMIT $2[0m  [["id", 1], ["LIMIT", 1]]
  Rendering schools/show.html.erb within layouts/application
  Rendered schools/show.html.erb within layouts/application (1.0ms)
Completed 200 OK in 171ms (Views: 134.1ms | ActiveRecord: 0.5ms)


Started GET "/schools/1/edit" for 127.0.0.1 at 2017-09-11 22:34:21 -0400
Processing by SchoolsController#edit as HTML
  Parameters: {"id"=>"1"}
  [1m[36mSchool Load (1.0ms)[0m  [1m[34mSELECT  "schools".* FROM "schools" WHERE "schools"."id" = $1 LIMIT $2[0m  [["id", 1], ["LIMIT", 1]]
  Rendering schools/edit.html.erb within layouts/application
  Rendered schools/_form.html.erb (1.5ms)
  Rendered schools/edit.html.erb within layouts/application (30.5ms)
Completed 200 OK in 191ms (Views: 161.4ms | ActiveRecord: 1.0ms)


Started GET "/schools" for 127.0.0.1 at 2017-09-11 22:35:31 -0400
Processing by SchoolsController#index as HTML
  Rendering schools/index.html.erb within layouts/application
  [1m[36mSchool Load (0.0ms)[0m  [1m[34mSELECT "schools".* FROM "schools"[0m
  Rendered schools/index.html.erb within layouts/application (3.0ms)
Completed 200 OK in 164ms (Views: 134.5ms | ActiveRecord: 0.0ms)


Started GET "/schools" for 127.0.0.1 at 2017-09-11 22:36:30 -0400
Processing by SchoolsController#index as HTML
  Rendering schools/index.html.erb within layouts/application
  [1m[36mSchool Load (0.0ms)[0m  [1m[34mSELECT "schools".* FROM "schools"[0m
  Rendered schools/index.html.erb within layouts/application (3.0ms)
Completed 200 OK in 172ms (Views: 135.5ms | ActiveRecord: 0.0ms)


Started GET "/schools" for 127.0.0.1 at 2017-09-11 22:36:32 -0400
Processing by SchoolsController#index as HTML
  Rendering schools/index.html.erb within layouts/application
  [1m[36mSchool Load (1.0ms)[0m  [1m[34mSELECT "schools".* FROM "schools"[0m
  Rendered schools/index.html.erb within layouts/application (3.1ms)
Completed 200 OK in 160ms (Views: 130.6ms | ActiveRecord: 1.0ms)


Started GET "/students" for 127.0.0.1 at 2017-09-11 22:36:33 -0400
Processing by StudentsController#index as HTML
  Rendering students/index.html.erb within layouts/application
  [1m[36mStudent Load (1.0ms)[0m  [1m[34mSELECT "students".* FROM "students"[0m
  Rendered students/index.html.erb within layouts/application (17.0ms)
Completed 200 OK in 203ms (Views: 161.0ms | ActiveRecord: 4.0ms)


Started GET "/students/1" for 127.0.0.1 at 2017-09-11 22:36:35 -0400
Processing by StudentsController#show as HTML
  Parameters: {"id"=>"1"}
  [1m[36mStudent Load (1.0ms)[0m  [1m[34mSELECT  "students".* FROM "students" WHERE "students"."id" = $1 LIMIT $2[0m  [["id", 1], ["LIMIT", 1]]
  Rendering students/show.html.erb within layouts/application
  Rendered students/show.html.erb within layouts/application (0.5ms)
Completed 200 OK in 181ms (Views: 142.7ms | ActiveRecord: 1.0ms)


Started GET "/students/1" for 127.0.0.1 at 2017-09-11 22:38:50 -0400
Processing by StudentsController#show as HTML
  Parameters: {"id"=>"1"}
  [1m[36mStudent Load (1.0ms)[0m  [1m[34mSELECT  "students".* FROM "students" WHERE "students"."id" = $1 LIMIT $2[0m  [["id", 1], ["LIMIT", 1]]
  Rendering students/show.html.erb within layouts/application
  Rendered students/show.html.erb within layouts/application (263.2ms)
Completed 500 Internal Server Error in 378ms (ActiveRecord: 1.0ms)


  
ActionView::Template::Error (undefined local variable or method `student' for #<#<Class:0x6c45c90>:0xb34af68>
Did you mean?  @student):
    1: <p id="notice"><%= notice %></p>
    2: 
    3: <%=student.name%>
    4: <%=student.age%>
    5: <%=student.email%>
    6: <%=student.phonenumber%>
  
app/views/students/show.html.erb:3:in `_app_views_students_show_html_erb__931344561_94001856'
Started GET "/students/1" for 127.0.0.1 at 2017-09-11 22:39:12 -0400
Processing by StudentsController#show as HTML
  Parameters: {"id"=>"1"}
  [1m[36mStudent Load (0.0ms)[0m  [1m[34mSELECT  "students".* FROM "students" WHERE "students"."id" = $1 LIMIT $2[0m  [["id", 1], ["LIMIT", 1]]
  Rendering students/show.html.erb within layouts/application
  Rendered students/show.html.erb within layouts/application (1.0ms)
Completed 200 OK in 169ms (Views: 138.5ms | ActiveRecord: 0.0ms)


Started GET "/students/1" for 127.0.0.1 at 2017-09-11 22:40:04 -0400
Processing by StudentsController#show as HTML
  Parameters: {"id"=>"1"}
  [1m[36mStudent Load (1.0ms)[0m  [1m[34mSELECT  "students".* FROM "students" WHERE "students"."id" = $1 LIMIT $2[0m  [["id", 1], ["LIMIT", 1]]
  Rendering students/show.html.erb within layouts/application
  Rendered students/show.html.erb within layouts/application (1.0ms)
Completed 200 OK in 166ms (Views: 133.6ms | ActiveRecord: 1.0ms)


Started GET "/students/1" for 127.0.0.1 at 2017-09-11 22:41:02 -0400
Processing by StudentsController#show as HTML
  Parameters: {"id"=>"1"}
  [1m[36mStudent Load (1.0ms)[0m  [1m[34mSELECT  "students".* FROM "students" WHERE "students"."id" = $1 LIMIT $2[0m  [["id", 1], ["LIMIT", 1]]
  Rendering students/show.html.erb within layouts/application
  [1m[36mSchool Load (0.0ms)[0m  [1m[34mSELECT  "schools".* FROM "schools" WHERE "schools"."id" = $1 LIMIT $2[0m  [["id", 1], ["LIMIT", 1]]
  Rendered students/show.html.erb within layouts/application (33.5ms)
Completed 200 OK in 199ms (Views: 168.9ms | ActiveRecord: 1.0ms)


Started GET "/students/1" for 127.0.0.1 at 2017-09-11 22:41:13 -0400
Processing by StudentsController#show as HTML
  Parameters: {"id"=>"1"}
  [1m[36mStudent Load (1.0ms)[0m  [1m[34mSELECT  "students".* FROM "students" WHERE "students"."id" = $1 LIMIT $2[0m  [["id", 1], ["LIMIT", 1]]
  Rendering students/show.html.erb within layouts/application
  [1m[36mSchool Load (0.0ms)[0m  [1m[34mSELECT  "schools".* FROM "schools" WHERE "schools"."id" = $1 LIMIT $2[0m  [["id", 1], ["LIMIT", 1]]
  Rendered students/show.html.erb within layouts/application (2.0ms)
Completed 200 OK in 167ms (Views: 135.0ms | ActiveRecord: 1.0ms)


Started GET "/students/1" for 127.0.0.1 at 2017-09-11 22:41:46 -0400
Processing by StudentsController#show as HTML
  Parameters: {"id"=>"1"}
  [1m[36mStudent Load (0.0ms)[0m  [1m[34mSELECT  "students".* FROM "students" WHERE "students"."id" = $1 LIMIT $2[0m  [["id", 1], ["LIMIT", 1]]
  Rendering students/show.html.erb within layouts/application
  [1m[36mSchool Load (0.0ms)[0m  [1m[34mSELECT  "schools".* FROM "schools" WHERE "schools"."id" = $1 LIMIT $2[0m  [["id", 1], ["LIMIT", 1]]
  Rendered students/show.html.erb within layouts/application (2.0ms)
Completed 200 OK in 185ms (Views: 134.9ms | ActiveRecord: 0.0ms)


Started GET "/students" for 127.0.0.1 at 2017-09-11 22:41:52 -0400
Processing by StudentsController#index as HTML
  Rendering students/index.html.erb within layouts/application
  [1m[36mStudent Load (1.0ms)[0m  [1m[34mSELECT "students".* FROM "students"[0m
  Rendered students/index.html.erb within layouts/application (3.0ms)
Completed 200 OK in 163ms (Views: 133.1ms | ActiveRecord: 1.0ms)


Started GET "/students/2" for 127.0.0.1 at 2017-09-11 22:41:54 -0400
Processing by StudentsController#show as HTML
  Parameters: {"id"=>"2"}
  [1m[36mStudent Load (0.0ms)[0m  [1m[34mSELECT  "students".* FROM "students" WHERE "students"."id" = $1 LIMIT $2[0m  [["id", 2], ["LIMIT", 1]]
  Rendering students/show.html.erb within layouts/application
  [1m[36mSchool Load (0.0ms)[0m  [1m[34mSELECT  "schools".* FROM "schools" WHERE "schools"."id" = $1 LIMIT $2[0m  [["id", 2], ["LIMIT", 1]]
  Rendered students/show.html.erb within layouts/application (3.0ms)
Completed 200 OK in 161ms (Views: 132.5ms | ActiveRecord: 0.0ms)


Started GET "/schools" for 127.0.0.1 at 2017-09-11 22:41:58 -0400
Processing by SchoolsController#index as HTML
  Rendering schools/index.html.erb within layouts/application
  [1m[36mSchool Load (1.0ms)[0m  [1m[34mSELECT "schools".* FROM "schools"[0m
  Rendered schools/index.html.erb within layouts/application (3.0ms)
Completed 200 OK in 173ms (Views: 139.6ms | ActiveRecord: 1.0ms)


Started GET "/students" for 127.0.0.1 at 2017-09-11 22:42:01 -0400
Processing by StudentsController#index as HTML
  Rendering students/index.html.erb within layouts/application
  [1m[36mStudent Load (0.0ms)[0m  [1m[34mSELECT "students".* FROM "students"[0m
  Rendered students/index.html.erb within layouts/application (3.0ms)
Completed 200 OK in 171ms (Views: 142.6ms | ActiveRecord: 0.0ms)


Started GET "/students/1/edit" for 127.0.0.1 at 2017-09-11 22:42:02 -0400
Processing by StudentsController#edit as HTML
  Parameters: {"id"=>"1"}
  [1m[36mStudent Load (0.0ms)[0m  [1m[34mSELECT  "students".* FROM "students" WHERE "students"."id" = $1 LIMIT $2[0m  [["id", 1], ["LIMIT", 1]]
  Rendering students/edit.html.erb within layouts/application
  Rendered students/_form.html.erb (2.0ms)
  Rendered students/edit.html.erb within layouts/application (42.0ms)
Completed 200 OK in 225ms (Views: 188.1ms | ActiveRecord: 0.0ms)


Started GET "/students/1/edit" for 127.0.0.1 at 2017-09-11 22:43:22 -0400
Processing by StudentsController#edit as HTML
  Parameters: {"id"=>"1"}
  [1m[36mStudent Load (1.0ms)[0m  [1m[34mSELECT  "students".* FROM "students" WHERE "students"."id" = $1 LIMIT $2[0m  [["id", 1], ["LIMIT", 1]]
  Rendering students/edit.html.erb within layouts/application
  Rendered students/_form.html.erb (2.0ms)
  Rendered students/edit.html.erb within layouts/application (31.0ms)
Completed 200 OK in 202ms (Views: 171.4ms | ActiveRecord: 1.0ms)


Started GET "/schools" for 127.0.0.1 at 2017-09-11 22:43:25 -0400
Processing by SchoolsController#index as HTML
  Rendering schools/index.html.erb within layouts/application
  [1m[36mSchool Load (0.0ms)[0m  [1m[34mSELECT "schools".* FROM "schools"[0m
  Rendered schools/index.html.erb within layouts/application (4.0ms)
Completed 200 OK in 167ms (Views: 135.3ms | ActiveRecord: 0.0ms)


Started GET "/schools/1" for 127.0.0.1 at 2017-09-11 22:43:26 -0400
Processing by SchoolsController#show as HTML
  Parameters: {"id"=>"1"}
  [1m[36mSchool Load (0.0ms)[0m  [1m[34mSELECT  "schools".* FROM "schools" WHERE "schools"."id" = $1 LIMIT $2[0m  [["id", 1], ["LIMIT", 1]]
  Rendering schools/show.html.erb within layouts/application
  Rendered schools/show.html.erb within layouts/application (1.0ms)
Completed 200 OK in 162ms (Views: 131.0ms | ActiveRecord: 0.0ms)


Started GET "/schools/1" for 127.0.0.1 at 2017-09-11 22:44:27 -0400
Processing by SchoolsController#show as HTML
  Parameters: {"id"=>"1"}
  [1m[36mSchool Load (1.0ms)[0m  [1m[34mSELECT  "schools".* FROM "schools" WHERE "schools"."id" = $1 LIMIT $2[0m  [["id", 1], ["LIMIT", 1]]
  Rendering schools/show.html.erb within layouts/application
  [1m[36mStudent Load (0.0ms)[0m  [1m[34mSELECT "students".* FROM "students" WHERE "students"."school_id" = $1[0m  [["school_id", 1]]
  Rendered schools/show.html.erb within layouts/application (31.0ms)
Completed 200 OK in 200ms (Views: 168.7ms | ActiveRecord: 1.0ms)


Started GET "/schools/1" for 127.0.0.1 at 2017-09-11 22:46:08 -0400
Processing by SchoolsController#show as HTML
  Parameters: {"id"=>"1"}
  [1m[36mSchool Load (1.0ms)[0m  [1m[34mSELECT  "schools".* FROM "schools" WHERE "schools"."id" = $1 LIMIT $2[0m  [["id", 1], ["LIMIT", 1]]
  Rendering schools/show.html.erb within layouts/application
  [1m[36mStudent Load (1.0ms)[0m  [1m[34mSELECT "students".* FROM "students" WHERE "students"."school_id" = $1[0m  [["school_id", 1]]
  Rendered schools/show.html.erb within layouts/application (3.0ms)
Completed 200 OK in 181ms (Views: 137.5ms | ActiveRecord: 2.0ms)


Started GET "/schools/1" for 127.0.0.1 at 2017-09-11 22:47:00 -0400
Processing by SchoolsController#show as HTML
  Parameters: {"id"=>"1"}
  [1m[36mSchool Load (0.5ms)[0m  [1m[34mSELECT  "schools".* FROM "schools" WHERE "schools"."id" = $1 LIMIT $2[0m  [["id", 1], ["LIMIT", 1]]
  Rendering schools/show.html.erb within layouts/application
  [1m[36mStudent Load (0.0ms)[0m  [1m[34mSELECT "students".* FROM "students" WHERE "students"."school_id" = $1[0m  [["school_id", 1]]
  Rendered schools/show.html.erb within layouts/application (3.0ms)
Completed 200 OK in 165ms (Views: 134.0ms | ActiveRecord: 0.5ms)


Started GET "/schools/1" for 127.0.0.1 at 2017-09-11 22:48:05 -0400
Processing by SchoolsController#show as HTML
  Parameters: {"id"=>"1"}
  [1m[36mSchool Load (1.0ms)[0m  [1m[34mSELECT  "schools".* FROM "schools" WHERE "schools"."id" = $1 LIMIT $2[0m  [["id", 1], ["LIMIT", 1]]
  Rendering schools/show.html.erb within layouts/application
  [1m[36mStudent Load (0.0ms)[0m  [1m[34mSELECT "students".* FROM "students" WHERE "students"."school_id" = $1[0m  [["school_id", 1]]
  Rendered schools/show.html.erb within layouts/application (3.0ms)
Completed 200 OK in 167ms (Views: 135.0ms | ActiveRecord: 1.0ms)


Started GET "/students/1" for 127.0.0.1 at 2017-09-11 22:48:07 -0400
Processing by StudentsController#show as HTML
  Parameters: {"id"=>"1"}
  [1m[36mStudent Load (1.0ms)[0m  [1m[34mSELECT  "students".* FROM "students" WHERE "students"."id" = $1 LIMIT $2[0m  [["id", 1], ["LIMIT", 1]]
  Rendering students/show.html.erb within layouts/application
  [1m[36mSchool Load (0.0ms)[0m  [1m[34mSELECT  "schools".* FROM "schools" WHERE "schools"."id" = $1 LIMIT $2[0m  [["id", 1], ["LIMIT", 1]]
  Rendered students/show.html.erb within layouts/application (3.0ms)
Completed 200 OK in 162ms (Views: 129.9ms | ActiveRecord: 1.0ms)


Started GET "/schools" for 127.0.0.1 at 2017-09-11 22:48:09 -0400
Processing by SchoolsController#index as HTML
  Rendering schools/index.html.erb within layouts/application
  [1m[36mSchool Load (1.0ms)[0m  [1m[34mSELECT "schools".* FROM "schools"[0m
  Rendered schools/index.html.erb within layouts/application (3.0ms)
Completed 200 OK in 160ms (Views: 130.8ms | ActiveRecord: 1.0ms)


Started GET "/schools/1" for 127.0.0.1 at 2017-09-11 22:48:11 -0400
Processing by SchoolsController#show as HTML
  Parameters: {"id"=>"1"}
  [1m[36mSchool Load (0.0ms)[0m  [1m[34mSELECT  "schools".* FROM "schools" WHERE "schools"."id" = $1 LIMIT $2[0m  [["id", 1], ["LIMIT", 1]]
  Rendering schools/show.html.erb within layouts/application
  [1m[36mStudent Load (0.0ms)[0m  [1m[34mSELECT "students".* FROM "students" WHERE "students"."school_id" = $1[0m  [["school_id", 1]]
  Rendered schools/show.html.erb within layouts/application (2.5ms)
Completed 200 OK in 171ms (Views: 139.9ms | ActiveRecord: 0.0ms)


Started GET "/schools" for 127.0.0.1 at 2017-09-11 22:48:15 -0400
Processing by SchoolsController#index as HTML
  Rendering schools/index.html.erb within layouts/application
  [1m[36mSchool Load (1.0ms)[0m  [1m[34mSELECT "schools".* FROM "schools"[0m
  Rendered schools/index.html.erb within layouts/application (3.0ms)
Completed 200 OK in 179ms (Views: 145.3ms | ActiveRecord: 1.0ms)


Started GET "/schools/2" for 127.0.0.1 at 2017-09-11 22:48:16 -0400
Processing by SchoolsController#show as HTML
  Parameters: {"id"=>"2"}
  [1m[36mSchool Load (0.0ms)[0m  [1m[34mSELECT  "schools".* FROM "schools" WHERE "schools"."id" = $1 LIMIT $2[0m  [["id", 2], ["LIMIT", 1]]
  Rendering schools/show.html.erb within layouts/application
  [1m[36mStudent Load (0.5ms)[0m  [1m[34mSELECT "students".* FROM "students" WHERE "students"."school_id" = $1[0m  [["school_id", 2]]
  Rendered schools/show.html.erb within layouts/application (2.5ms)
Completed 200 OK in 175ms (Views: 140.1ms | ActiveRecord: 0.5ms)


Started GET "/students/2" for 127.0.0.1 at 2017-09-11 22:48:18 -0400
Processing by StudentsController#show as HTML
  Parameters: {"id"=>"2"}
  [1m[36mStudent Load (0.0ms)[0m  [1m[34mSELECT  "students".* FROM "students" WHERE "students"."id" = $1 LIMIT $2[0m  [["id", 2], ["LIMIT", 1]]
  Rendering students/show.html.erb within layouts/application
  [1m[36mSchool Load (0.0ms)[0m  [1m[34mSELECT  "schools".* FROM "schools" WHERE "schools"."id" = $1 LIMIT $2[0m  [["id", 2], ["LIMIT", 1]]
  Rendered students/show.html.erb within layouts/application (3.0ms)
Completed 200 OK in 174ms (Views: 135.6ms | ActiveRecord: 0.0ms)


